{
  "RSpec": {
    "coverage": {
      "/Users/facundo/craftacademy/course/legacy_code/legacy_code_august_team_2_2020/app/models/user.rb": [
        1,
        null,
        null,
        1,
        null,
        null,
        1,
        1,
        1,
        null,
        1,
        null,
        1,
        0,
        null,
        null,
        1,
        0,
        null,
        null
      ],
      "/Users/facundo/craftacademy/course/legacy_code/legacy_code_august_team_2_2020/app/models/application_record.rb": [
        1,
        1,
        null
      ],
      "/Users/facundo/craftacademy/course/legacy_code/legacy_code_august_team_2_2020/app/helpers/application_helper.rb": [
        1,
        1,
        7,
        5,
        0,
        1,
        0,
        null,
        null,
        1,
        18,
        null,
        null
      ],
      "/Users/facundo/craftacademy/course/legacy_code/legacy_code_august_team_2_2020/app/helpers/mailbox_helper.rb": [
        1,
        1,
        null,
        null,
        6,
        null,
        null
      ],
      "/Users/facundo/craftacademy/course/legacy_code/legacy_code_august_team_2_2020/app/controllers/welcome_controller.rb": [
        1,
        1,
        null,
        null
      ],
      "/Users/facundo/craftacademy/course/legacy_code/legacy_code_august_team_2_2020/app/controllers/application_controller.rb": [
        1,
        null,
        null,
        1,
        null,
        1,
        null,
        1,
        null,
        1,
        null,
        1,
        9,
        null,
        null,
        1,
        5,
        null,
        null,
        1,
        null,
        1,
        11,
        null,
        null
      ],
      "/Users/facundo/craftacademy/course/legacy_code/legacy_code_august_team_2_2020/app/controllers/mailbox_controller.rb": [
        1,
        1,
        null,
        1,
        2,
        2,
        null,
        null,
        1,
        0,
        0,
        null,
        null,
        1,
        0,
        0,
        null,
        null
      ],
      "/Users/facundo/craftacademy/course/legacy_code/legacy_code_august_team_2_2020/app/controllers/conversations_controller.rb": [
        1,
        1,
        null,
        1,
        null,
        null,
        1,
        2,
        2,
        2,
        1,
        1,
        null,
        1,
        null,
        null,
        null,
        1,
        1,
        1,
        null,
        null,
        1,
        0,
        0,
        0,
        null,
        null,
        1,
        0,
        0,
        null,
        null,
        1,
        0,
        0,
        null,
        null,
        1,
        null,
        1,
        6,
        null,
        null,
        1,
        0,
        null,
        null
      ]
    },
    "timestamp": 1599834710
  }
}
